PartTimers/app/build/intermediates/manifest_merge_blame_file/debug/manifest-merger-blame-debug-report.txt
1<?xml version="1.0" encoding="utf-8"?>
2<manifest xmlns:android="http://schemas.android.com/apk/res/android"
3    package="com.example.parttimers"
4    android:versionCode="1"
5    android:versionName="1.0" >
6
7    <uses-sdk
8        android:minSdkVersion="16"
8-->src\main\AndroidManifest.xml
9        android:targetSdkVersion="30" />
9-->src\main\AndroidManifest.xml
10
11    <uses-permission android:name="android.permission.INTERNET" />
11-->src\main\AndroidManifest.xml:5:5-67
11-->src\main\AndroidManifest.xml:5:22-64
12
13    <application
13-->src\main\AndroidManifest.xml:7:5-41:19
14        android:allowBackup="true"
14-->src\main\AndroidManifest.xml:8:9-35
15        android:appComponentFactory="androidx.core.app.CoreComponentFactory"
15-->[androidx.core:core:1.1.0] AndroidManifest.xml:24:18-86
16        android:debuggable="true"
17        android:icon="@mipmap/ic_launcher"
17-->src\main\AndroidManifest.xml:9:9-43
18        android:label="@string/app_name"
18-->src\main\AndroidManifest.xml:10:9-41
19        android:roundIcon="@mipmap/ic_launcher_round"
19-->src\main\AndroidManifest.xml:11:9-54
20        android:supportsRtl="true"
20-->src\main\AndroidManifest.xml:12:9-35
21        android:testOnly="true"
22        android:theme="@style/AppTheme" >
22-->src\main\AndroidManifest.xml:13:9-40
23        <activity android:name="com.example.parttimers.PostSuccessfulAnimationActivity" />
23-->src\main\AndroidManifest.xml:15:9-78
23-->src\main\AndroidManifest.xml:15:19-66
24        <activity android:name="com.example.parttimers.ui.ViewMoreActivity" />
24-->src\main\AndroidManifest.xml:17:9-66
24-->src\main\AndroidManifest.xml:17:19-54
25>
26        <activity android:name="com.example.parttimers.ui.MyProfileActivity" />
26-->src\main\AndroidManifest.xml:19:9-58
26-->src\main\AndroidManifest.xml:19:19-55
27        <activity android:name="com.example.parttimers.ui.AddPostActivity" />
27-->src\main\AndroidManifest.xml:20:9-56
27-->src\main\AndroidManifest.xml:20:19-53
28        <activity android:name="com.example.parttimers.SignupActivity" />
28-->src\main\AndroidManifest.xml:21:9-52
28-->src\main\AndroidManifest.xml:21:19-49
29        <activity android:name="com.example.parttimers.LoginActivity" />
29-->src\main\AndroidManifest.xml:22:9-51
29-->src\main\AndroidManifest.xml:22:19-48
30        <activity android:name="com.example.parttimers.StartPageActivity" >
30-->src\main\AndroidManifest.xml:23:9-29:20
30-->src\main\AndroidManifest.xml:23:19-52
31            <intent-filter>
31-->src\main\AndroidManifest.xml:24:13-28:29
32                <action android:name="android.intent.action.MAIN" />
32-->src\main\AndroidManifest.xml:25:17-69
32-->src\main\AndroidManifest.xml:25:25-66
33
34                <category android:name="android.intent.category.LAUNCHER" />
34-->src\main\AndroidManifest.xml:27:17-77
34-->src\main\AndroidManifest.xml:27:27-74
35            </intent-filter>
36        </activity>
37        <activity android:name="com.example.parttimers.MainActivity" >
37-->src\main\AndroidManifest.xml:30:9-36:20
37-->src\main\AndroidManifest.xml:30:19-47
38            <intent-filter>
38-->src\main\AndroidManifest.xml:24:13-28:29
39                <action android:name="android.intent.action.MAIN" />
39-->src\main\AndroidManifest.xml:25:17-69
39-->src\main\AndroidManifest.xml:25:25-66
40
41                <category android:name="android.intent.category.LAUNCHER" />
41-->src\main\AndroidManifest.xml:27:17-77
41-->src\main\AndroidManifest.xml:27:27-74
42            </intent-filter>
43        </activity>
44
45        <meta-data
45-->src\main\AndroidManifest.xml:38:9-40:57
46            android:name="preloaded_fonts"
46-->src\main\AndroidManifest.xml:39:13-43
47            android:resource="@array/preloaded_fonts" />
47-->src\main\AndroidManifest.xml:40:13-54
48
49        <provider
49-->[androidx.lifecycle:lifecycle-process:2.2.0] AndroidManifest.xml:25:9-29:43
50            android:name="androidx.lifecycle.ProcessLifecycleOwnerInitializer"
50-->[androidx.lifecycle:lifecycle-process:2.2.0] AndroidManifest.xml:26:13-79
51            android:authorities="com.example.parttimers.lifecycle-process"
51-->[androidx.lifecycle:lifecycle-process:2.2.0] AndroidManifest.xml:27:13-69
52            android:exported="false"
52-->[androidx.lifecycle:lifecycle-process:2.2.0] AndroidManifest.xml:28:13-37
53            android:multiprocess="true" />
53-->[androidx.lifecycle:lifecycle-process:2.2.0] AndroidManifest.xml:29:13-40
54    </application>
55
56</manifest>